  glad.c
  MyCamera.cpp
  MyShader.cpp
  openGL_0.cpp
C:\Users\fzb\Desktop\openGL\openGL_0\openGL_0\openGL_0.cpp(37,20): warning C4244: “初始化”: 从“double”转换到“float”，可能丢失数据
C:\Users\fzb\Desktop\openGL\openGL_0\openGL_0\openGL_0.cpp(59,11): warning C4244: “=”: 从“double”转换到“float”，可能丢失数据
C:\Users\fzb\Desktop\openGL\openGL_0\openGL_0\openGL_0.cpp(60,11): warning C4244: “=”: 从“double”转换到“float”，可能丢失数据
C:\Users\fzb\Desktop\openGL\openGL_0\openGL_0\openGL_0.cpp(63,16): warning C4244: “初始化”: 从“double”转换到“float”，可能丢失数据
C:\Users\fzb\Desktop\openGL\openGL_0\openGL_0\openGL_0.cpp(64,16): warning C4244: “初始化”: 从“double”转换到“float”，可能丢失数据
C:\Users\fzb\Desktop\openGL\openGL_0\openGL_0\openGL_0.cpp(65,10): warning C4244: “=”: 从“double”转换到“float”，可能丢失数据
C:\Users\fzb\Desktop\openGL\openGL_0\openGL_0\openGL_0.cpp(66,10): warning C4244: “=”: 从“double”转换到“float”，可能丢失数据
C:\Users\fzb\Desktop\openGL\openGL_0\openGL_0\openGL_0.cpp(72,23): warning C4244: “参数”: 从“double”转换到“float”，可能丢失数据
C:\Users\fzb\Desktop\openGL\openGL_0\openGL_0\openGL_0.cpp(330,37): warning C4305: “参数”: 从“double”到“float”截断
C:\Users\fzb\Desktop\openGL\openGL_0\openGL_0\openGL_0.cpp(412,16): warning C4244: “初始化”: 从“double”转换到“float”，可能丢失数据
  正在生成代码...
openGL_0.obj : error LNK2019: 无法解析的外部符号 glfwInit，函数 main 中引用了该符号
openGL_0.obj : error LNK2019: 无法解析的外部符号 glfwTerminate，函数 main 中引用了该符号
openGL_0.obj : error LNK2019: 无法解析的外部符号 glfwWindowHint，函数 main 中引用了该符号
openGL_0.obj : error LNK2019: 无法解析的外部符号 glfwCreateWindow，函数 main 中引用了该符号
openGL_0.obj : error LNK2019: 无法解析的外部符号 glfwWindowShouldClose，函数 main 中引用了该符号
openGL_0.obj : error LNK2019: 无法解析的外部符号 glfwSetWindowShouldClose，函数 "void __cdecl processInput(struct GLFWwindow *)" (?processInput@@YAXPEAUGLFWwindow@@@Z) 中引用了该符号
openGL_0.obj : error LNK2019: 无法解析的外部符号 glfwSetFramebufferSizeCallback，函数 main 中引用了该符号
openGL_0.obj : error LNK2019: 无法解析的外部符号 glfwPollEvents，函数 main 中引用了该符号
openGL_0.obj : error LNK2019: 无法解析的外部符号 glfwSetInputMode，函数 main 中引用了该符号
openGL_0.obj : error LNK2019: 无法解析的外部符号 glfwGetKey，函数 "void __cdecl processInput(struct GLFWwindow *)" (?processInput@@YAXPEAUGLFWwindow@@@Z) 中引用了该符号
openGL_0.obj : error LNK2019: 无法解析的外部符号 glfwSetCursorPosCallback，函数 main 中引用了该符号
openGL_0.obj : error LNK2019: 无法解析的外部符号 glfwSetScrollCallback，函数 main 中引用了该符号
openGL_0.obj : error LNK2019: 无法解析的外部符号 glfwGetTime，函数 "void __cdecl processInput(struct GLFWwindow *)" (?processInput@@YAXPEAUGLFWwindow@@@Z) 中引用了该符号
openGL_0.obj : error LNK2019: 无法解析的外部符号 glfwMakeContextCurrent，函数 main 中引用了该符号
openGL_0.obj : error LNK2019: 无法解析的外部符号 glfwSwapBuffers，函数 main 中引用了该符号
openGL_0.obj : error LNK2019: 无法解析的外部符号 glfwGetProcAddress，函数 main 中引用了该符号
C:\Users\fzb\Desktop\openGL\openGL_0\x64\Debug\openGL_0.exe : fatal error LNK1120: 16 个无法解析的外部命令
