  uniform.cpp
C:\Users\fzb\Desktop\openGL\opengl_3\opengl_3\uniform.cpp(53,17): warning C4244: “=”: 从“double”转换到“float”，可能丢失数据
C:\Users\fzb\Desktop\openGL\opengl_3\opengl_3\uniform.cpp(54,17): warning C4244: “=”: 从“double”转换到“float”，可能丢失数据
C:\Users\fzb\Desktop\openGL\opengl_3\opengl_3\uniform.cpp(57,19): warning C4244: “初始化”: 从“double”转换到“float”，可能丢失数据
C:\Users\fzb\Desktop\openGL\opengl_3\opengl_3\uniform.cpp(58,19): warning C4244: “初始化”: 从“double”转换到“float”，可能丢失数据
C:\Users\fzb\Desktop\openGL\opengl_3\opengl_3\uniform.cpp(60,13): warning C4244: “=”: 从“double”转换到“float”，可能丢失数据
C:\Users\fzb\Desktop\openGL\opengl_3\opengl_3\uniform.cpp(61,13): warning C4244: “=”: 从“double”转换到“float”，可能丢失数据
C:\Users\fzb\Desktop\openGL\opengl_3\opengl_3\uniform.cpp(67,25): warning C4244: “参数”: 从“double”转换到“float”，可能丢失数据
C:\Users\fzb\Desktop\openGL\opengl_3\opengl_3\uniform.cpp(114,23): warning C4018: “<”: 有符号/无符号不匹配
C:\Users\fzb\Desktop\openGL\opengl_3\opengl_3\uniform.cpp(143,54): warning C4244: “参数”: 从“float”转换到“int”，可能丢失数据
C:\Users\fzb\Desktop\openGL\opengl_3\opengl_3\uniform.cpp(143,43): warning C4244: “参数”: 从“float”转换到“int”，可能丢失数据
C:\Users\fzb\Desktop\openGL\opengl_3\opengl_3\uniform.cpp(568,90): warning C4244: “参数”: 从“float”转换到“GLsizei”，可能丢失数据
C:\Users\fzb\Desktop\openGL\opengl_3\opengl_3\uniform.cpp(568,79): warning C4244: “参数”: 从“float”转换到“GLsizei”，可能丢失数据
C:\Users\fzb\Desktop\openGL\opengl_3\opengl_3\uniform.cpp(599,28): warning C4244: “初始化”: 从“double”转换到“float”，可能丢失数据
C:\Users\fzb\Desktop\openGL\opengl_3\opengl_3\uniform.cpp(720,73): warning C4244: “参数”: 从“float”转换到“GLint”，可能丢失数据
C:\Users\fzb\Desktop\openGL\opengl_3\opengl_3\uniform.cpp(720,62): warning C4244: “参数”: 从“float”转换到“GLint”，可能丢失数据
C:\Users\fzb\Desktop\openGL\opengl_3\opengl_3\uniform.cpp(720,44): warning C4244: “参数”: 从“float”转换到“GLint”，可能丢失数据
C:\Users\fzb\Desktop\openGL\opengl_3\opengl_3\uniform.cpp(720,33): warning C4244: “参数”: 从“float”转换到“GLint”，可能丢失数据
  正在生成代码
  3 of 294 functions ( 1.0%) were compiled, the rest were copied from previous compilation.
    0 functions were new in current compilation
    0 functions had inline decision re-evaluated but remain unchanged
  已完成代码的生成
  opengl_3.vcxproj -> C:\Users\fzb\Desktop\openGL\opengl_3\Release\opengl_3.exe
