c:\users\fzb\desktop\opengl\opengl_4\opengl_4\release\vc142.pdb
c:\users\fzb\desktop\opengl\opengl_4\opengl_4\release\glad.obj
c:\users\fzb\desktop\opengl\opengl_4\opengl_4\release\opengl_4.obj
c:\users\fzb\desktop\opengl\opengl_4\opengl_4\release\myshader.obj
c:\users\fzb\desktop\opengl\opengl_4\opengl_4\release\mymodel.obj
c:\users\fzb\desktop\opengl\opengl_4\opengl_4\release\mycamera.obj
c:\users\fzb\desktop\opengl\opengl_4\opengl_4\release\mesh.obj
c:\users\fzb\desktop\opengl\opengl_4\opengl_4\release\point_shadow.obj
c:\users\fzb\desktop\opengl\opengl_4\opengl_4\release\csm.obj
c:\users\fzb\desktop\opengl\opengl_4\opengl_4\release\tbn.obj
c:\users\fzb\desktop\opengl\opengl_4\opengl_4\release\effort.obj
c:\users\fzb\desktop\opengl\opengl_4\opengl_4\release\hdr.obj
c:\users\fzb\desktop\opengl\opengl_4\opengl_4\release\deferred_shading.obj
c:\users\fzb\desktop\opengl\opengl_4\opengl_4\release\opengl_4.ipdb
c:\users\fzb\desktop\opengl\opengl_4\opengl_4\release\opengl_4.iobj
c:\users\fzb\desktop\opengl\opengl_4\release\opengl_4.pdb
c:\users\fzb\desktop\opengl\opengl_4\opengl_4\release\opengl_4.tlog\cl.command.1.tlog
c:\users\fzb\desktop\opengl\opengl_4\opengl_4\release\opengl_4.tlog\cl.read.1.tlog
c:\users\fzb\desktop\opengl\opengl_4\opengl_4\release\opengl_4.tlog\cl.write.1.tlog
c:\users\fzb\desktop\opengl\opengl_4\opengl_4\release\opengl_4.tlog\link.command.1.tlog
c:\users\fzb\desktop\opengl\opengl_4\opengl_4\release\opengl_4.tlog\link.read.1.tlog
c:\users\fzb\desktop\opengl\opengl_4\opengl_4\release\opengl_4.tlog\link.write.1.tlog
