  glad.c
  MyCamera.cpp
  MyShader.cpp
  opengl_1.cpp
C:\Users\fzb\Desktop\openGL\opengl_1\opengl_1\opengl_1.cpp(6,9): warning C4067: 预处理器指令后有意外标记 - 应输入换行符
C:\Users\fzb\Desktop\openGL\opengl_1\opengl_1\opengl_1.cpp(54,17): warning C4244: “=”: 从“double”转换到“float”，可能丢失数据
C:\Users\fzb\Desktop\openGL\opengl_1\opengl_1\opengl_1.cpp(55,17): warning C4244: “=”: 从“double”转换到“float”，可能丢失数据
C:\Users\fzb\Desktop\openGL\opengl_1\opengl_1\opengl_1.cpp(58,19): warning C4244: “初始化”: 从“double”转换到“float”，可能丢失数据
C:\Users\fzb\Desktop\openGL\opengl_1\opengl_1\opengl_1.cpp(59,19): warning C4244: “初始化”: 从“double”转换到“float”，可能丢失数据
C:\Users\fzb\Desktop\openGL\opengl_1\opengl_1\opengl_1.cpp(61,13): warning C4244: “=”: 从“double”转换到“float”，可能丢失数据
C:\Users\fzb\Desktop\openGL\opengl_1\opengl_1\opengl_1.cpp(62,13): warning C4244: “=”: 从“double”转换到“float”，可能丢失数据
C:\Users\fzb\Desktop\openGL\opengl_1\opengl_1\opengl_1.cpp(68,25): warning C4244: “参数”: 从“double”转换到“float”，可能丢失数据
C:\Users\fzb\Desktop\openGL\opengl_1\opengl_1\opengl_1.cpp(78,48): warning C4244: “参数”: 从“float”转换到“int”，可能丢失数据
C:\Users\fzb\Desktop\openGL\opengl_1\opengl_1\opengl_1.cpp(78,40): warning C4244: “参数”: 从“float”转换到“int”，可能丢失数据
C:\Users\fzb\Desktop\openGL\opengl_1\opengl_1\opengl_1.cpp(85,6): warning C4551: 缺少参数列表的函数调用
C:\Users\fzb\Desktop\openGL\opengl_1\opengl_1\opengl_1.cpp(172,12): warning C4551: 缺少参数列表的函数调用
C:\Users\fzb\Desktop\openGL\opengl_1\opengl_1\opengl_1.cpp(173,27): warning C4244: “初始化”: 从“double”转换到“float”，可能丢失数据
  正在生成代码...
opengl_1.obj : error LNK2019: 无法解析的外部符号 glfwInit，函数 main 中引用了该符号
opengl_1.obj : error LNK2019: 无法解析的外部符号 glfwTerminate，函数 main 中引用了该符号
opengl_1.obj : error LNK2019: 无法解析的外部符号 glfwWindowHint，函数 main 中引用了该符号
opengl_1.obj : error LNK2019: 无法解析的外部符号 glfwCreateWindow，函数 main 中引用了该符号
opengl_1.obj : error LNK2019: 无法解析的外部符号 glfwWindowShouldClose，函数 main 中引用了该符号
opengl_1.obj : error LNK2019: 无法解析的外部符号 glfwSetWindowShouldClose，函数 "void __cdecl processInput(struct GLFWwindow *)" (?processInput@@YAXPEAUGLFWwindow@@@Z) 中引用了该符号
opengl_1.obj : error LNK2019: 无法解析的外部符号 glfwSetFramebufferSizeCallback，函数 main 中引用了该符号
opengl_1.obj : error LNK2019: 无法解析的外部符号 glfwPollEvents，函数 main 中引用了该符号
opengl_1.obj : error LNK2019: 无法解析的外部符号 glfwSetInputMode，函数 main 中引用了该符号
opengl_1.obj : error LNK2019: 无法解析的外部符号 glfwGetKey，函数 "void __cdecl processInput(struct GLFWwindow *)" (?processInput@@YAXPEAUGLFWwindow@@@Z) 中引用了该符号
opengl_1.obj : error LNK2019: 无法解析的外部符号 glfwSetCursorPosCallback，函数 main 中引用了该符号
opengl_1.obj : error LNK2019: 无法解析的外部符号 glfwSetScrollCallback，函数 main 中引用了该符号
opengl_1.obj : error LNK2019: 无法解析的外部符号 glfwGetTime，函数 main 中引用了该符号
opengl_1.obj : error LNK2019: 无法解析的外部符号 glfwMakeContextCurrent，函数 main 中引用了该符号
opengl_1.obj : error LNK2019: 无法解析的外部符号 glfwSwapBuffers，函数 main 中引用了该符号
C:\Users\fzb\Desktop\openGL\opengl_1\x64\Debug\opengl_1.exe : fatal error LNK1120: 15 个无法解析的外部命令
